Projection/build/outputs/logs/manifest-merger-debug-report.txt
-- Merging decision tree log ---
manifest
ADDED from src\main\AndroidManifest.xml:2:1-21:12
INJECTED from src\main\AndroidManifest.xml:2:1-21:12
INJECTED from src\main\AndroidManifest.xml:2:1-21:12
INJECTED from src\main\AndroidManifest.xml:2:1-21:12
INJECTED from src\main\AndroidManifest.xml:2:1-21:12
INJECTED from src\main\AndroidManifest.xml:2:1-21:12
INJECTED from src\main\AndroidManifest.xml:2:1-21:12
	package
		ADDED from src\main\AndroidManifest.xml:2:70-102
		INJECTED from src\main\AndroidManifest.xml
		INJECTED from src\main\AndroidManifest.xml
	android:versionName
		INJECTED from src\main\AndroidManifest.xml
		ADDED from src\main\AndroidManifest.xml:2:1-21:12
		INJECTED from src\main\AndroidManifest.xml
	xmlns:tools
		ADDED from src\main\AndroidManifest.xml:2:103-149
	android:versionCode
		INJECTED from src\main\AndroidManifest.xml
		ADDED from src\main\AndroidManifest.xml:2:1-21:12
		INJECTED from src\main\AndroidManifest.xml
	xmlns:android
		ADDED from src\main\AndroidManifest.xml:2:11-69
	android:installLocation
		ADDED from src\main\AndroidManifest.xml:2:150-180
supports-screens
ADDED from src\main\AndroidManifest.xml:3:3-163
	android:largeScreens
		ADDED from src\main\AndroidManifest.xml:3:78-105
	android:smallScreens
		ADDED from src\main\AndroidManifest.xml:3:21-48
	android:normalScreens
		ADDED from src\main\AndroidManifest.xml:3:49-77
	android:xlargeScreens
		ADDED from src\main\AndroidManifest.xml:3:106-134
	android:anyDensity
		ADDED from src\main\AndroidManifest.xml:3:135-160
application
ADDED from src\main\AndroidManifest.xml:4:3-14:17
activity#com.example.Production.UnityPlayerActivity
ADDED from src\main\AndroidManifest.xml:5:5-9:16
	android:screenOrientation
		ADDED from src\main\AndroidManifest.xml:5:48-86
	android:label
		ADDED from src\main\AndroidManifest.xml:5:15-47
	android:launchMode
		ADDED from src\main\AndroidManifest.xml:5:87-118
	android:hardwareAccelerated
		ADDED from src\main\AndroidManifest.xml:5:301-336
	android:configChanges
		ADDED from src\main\AndroidManifest.xml:5:119-300
	android:name
		ADDED from src\main\AndroidManifest.xml:5:337-394
meta-data#unityplayer.UnityActivity
ADDED from src\main\AndroidManifest.xml:7:7-82
	android:value
		ADDED from src\main\AndroidManifest.xml:7:59-79
	android:name
		ADDED from src\main\AndroidManifest.xml:7:18-58
meta-data#android.notch_support
ADDED from src\main\AndroidManifest.xml:8:7-78
	android:value
		ADDED from src\main\AndroidManifest.xml:8:55-75
	android:name
		ADDED from src\main\AndroidManifest.xml:8:18-54
meta-data#unity.build-id
ADDED from src\main\AndroidManifest.xml:10:5-101
	android:value
		ADDED from src\main\AndroidManifest.xml:10:46-98
	android:name
		ADDED from src\main\AndroidManifest.xml:10:16-45
meta-data#unity.splash-mode
ADDED from src\main\AndroidManifest.xml:11:5-69
	android:value
		ADDED from src\main\AndroidManifest.xml:11:49-66
	android:name
		ADDED from src\main\AndroidManifest.xml:11:16-48
meta-data#unity.splash-enable
ADDED from src\main\AndroidManifest.xml:12:5-74
	android:value
		ADDED from src\main\AndroidManifest.xml:12:51-71
	android:name
		ADDED from src\main\AndroidManifest.xml:12:16-50
meta-data#notch.config
ADDED from src\main\AndroidManifest.xml:13:5-81
	android:value
		ADDED from src\main\AndroidManifest.xml:13:44-78
	android:name
		ADDED from src\main\AndroidManifest.xml:13:16-43
uses-feature#0x00020000
ADDED from src\main\AndroidManifest.xml:15:3-52
	android:glEsVersion
		ADDED from src\main\AndroidManifest.xml:15:17-49
uses-feature#android.hardware.vulkan
ADDED from src\main\AndroidManifest.xml:16:3-83
	android:required
		ADDED from src\main\AndroidManifest.xml:16:56-80
	android:name
		ADDED from src\main\AndroidManifest.xml:16:17-55
uses-permission#android.permission.INTERNET
ADDED from src\main\AndroidManifest.xml:17:3-65
	android:name
		ADDED from src\main\AndroidManifest.xml:17:20-62
uses-feature#android.hardware.touchscreen
ADDED from src\main\AndroidManifest.xml:18:3-88
	android:required
		ADDED from src\main\AndroidManifest.xml:18:61-85
	android:name
		ADDED from src\main\AndroidManifest.xml:18:17-60
uses-feature#android.hardware.touchscreen.multitouch
ADDED from src\main\AndroidManifest.xml:19:3-99
	android:required
		ADDED from src\main\AndroidManifest.xml:19:72-96
	android:name
		ADDED from src\main\AndroidManifest.xml:19:17-71
uses-feature#android.hardware.touchscreen.multitouch.distinct
ADDED from src\main\AndroidManifest.xml:20:3-108
	android:required
		ADDED from src\main\AndroidManifest.xml:20:81-105
	android:name
		ADDED from src\main\AndroidManifest.xml:20:17-80
uses-sdk
INJECTED from src\main\AndroidManifest.xml reason: use-sdk injection requested
INJECTED from src\main\AndroidManifest.xml
INJECTED from src\main\AndroidManifest.xml
INJECTED from src\main\AndroidManifest.xml
INJECTED from src\main\AndroidManifest.xml
	android:targetSdkVersion
		INJECTED from src\main\AndroidManifest.xml
		ADDED from src\main\AndroidManifest.xml
		INJECTED from src\main\AndroidManifest.xml
	android:minSdkVersion
		INJECTED from src\main\AndroidManifest.xml
		ADDED from src\main\AndroidManifest.xml
		INJECTED from src\main\AndroidManifest.xml